c:\users\admin\source\repos\learning\sfml_snake\gameclient\x64\debug\vc143.pdb
c:\users\admin\source\repos\learning\sfml_snake\gameclient\x64\debug\vc143.idb
c:\users\admin\source\repos\learning\sfml_snake\gameclient\x64\debug\timemanager.obj
c:\users\admin\source\repos\learning\sfml_snake\gameclient\x64\debug\textmodule.obj
c:\users\admin\source\repos\learning\sfml_snake\gameclient\x64\debug\soundmanager.obj
c:\users\admin\source\repos\learning\sfml_snake\gameclient\x64\debug\settingsmodule.obj
c:\users\admin\source\repos\learning\sfml_snake\gameclient\x64\debug\mousemodule.obj
c:\users\admin\source\repos\learning\sfml_snake\gameclient\x64\debug\main.obj
c:\users\admin\source\repos\learning\sfml_snake\gameclient\x64\debug\log.obj
c:\users\admin\source\repos\learning\sfml_snake\gameclient\x64\debug\game.obj
c:\users\admin\source\repos\learning\sfml_snake\gameclient\x64\debug\button.obj
c:\users\admin\source\repos\learning\sfml_snake\gameclient\x64\debug\mainmenu.obj
c:\users\admin\source\repos\learning\sfml_snake\gameclient\x64\debug\gamestatehandle.obj
c:\users\admin\source\repos\learning\sfml_snake\x64\debug\gameclient.exe
c:\users\admin\source\repos\learning\sfml_snake\x64\debug\gameclient.pdb
c:\users\admin\source\repos\learning\sfml_snake\gameclient\x64\debug\gameclient.ilk
c:\users\admin\source\repos\learning\sfml_snake\gameclient\x64\debug\mainmenu.obj.enc
c:\users\admin\source\repos\learning\sfml_snake\gameclient\x64\debug\gameclient.tlog\cl.command.1.tlog
c:\users\admin\source\repos\learning\sfml_snake\gameclient\x64\debug\gameclient.tlog\cl.items.tlog
c:\users\admin\source\repos\learning\sfml_snake\gameclient\x64\debug\gameclient.tlog\cl.read.1.tlog
c:\users\admin\source\repos\learning\sfml_snake\gameclient\x64\debug\gameclient.tlog\cl.write.1.tlog
c:\users\admin\source\repos\learning\sfml_snake\gameclient\x64\debug\gameclient.tlog\link.command.1.tlog
c:\users\admin\source\repos\learning\sfml_snake\gameclient\x64\debug\gameclient.tlog\link.read.1.tlog
c:\users\admin\source\repos\learning\sfml_snake\gameclient\x64\debug\gameclient.tlog\link.secondary.1.tlog
c:\users\admin\source\repos\learning\sfml_snake\gameclient\x64\debug\gameclient.tlog\link.write.1.tlog
