c:\users\admin\source\repos\learning\sfml_snake\game\x64\debug\vc143.pdb
c:\users\admin\source\repos\learning\sfml_snake\game\x64\debug\vc143.idb
c:\users\admin\source\repos\learning\sfml_snake\game\x64\debug\main.obj
c:\users\admin\source\repos\learning\sfml_snake\game\x64\debug\game.obj
c:\users\admin\source\repos\learning\sfml_snake\game\x64\debug\settingsmodule.obj
c:\users\admin\source\repos\learning\sfml_snake\game\x64\debug\log.obj
c:\users\admin\source\repos\learning\sfml_snake\game\x64\debug\mainmenu.obj
c:\users\admin\source\repos\learning\sfml_snake\x64\debug\game.exe
c:\users\admin\source\repos\learning\sfml_snake\x64\debug\game.pdb
c:\users\admin\source\repos\learning\sfml_snake\game\x64\debug\game.ilk
c:\users\admin\source\repos\learning\sfml_snake\game\x64\debug\mainmenu.obj.enc
c:\users\admin\source\repos\learning\sfml_snake\game\x64\debug\settingsmodule.obj.enc
c:\users\admin\source\repos\learning\sfml_snake\game\x64\debug\game.tlog\cl.command.1.tlog
c:\users\admin\source\repos\learning\sfml_snake\game\x64\debug\game.tlog\cl.items.tlog
c:\users\admin\source\repos\learning\sfml_snake\game\x64\debug\game.tlog\cl.read.1.tlog
c:\users\admin\source\repos\learning\sfml_snake\game\x64\debug\game.tlog\cl.write.1.tlog
c:\users\admin\source\repos\learning\sfml_snake\game\x64\debug\game.tlog\link.command.1.tlog
c:\users\admin\source\repos\learning\sfml_snake\game\x64\debug\game.tlog\link.read.1.tlog
c:\users\admin\source\repos\learning\sfml_snake\game\x64\debug\game.tlog\link.secondary.1.tlog
c:\users\admin\source\repos\learning\sfml_snake\game\x64\debug\game.tlog\link.write.1.tlog
